Determining if the Q_WS_WIN exist failed with the following output:
Change Dir: /home/florent/Documents/DGtal/VCM/CMakeFiles/CMakeTmp

Run Build Command:/usr/bin/make "cmTryCompileExec2083852223/fast"
/usr/bin/make -f CMakeFiles/cmTryCompileExec2083852223.dir/build.make CMakeFiles/cmTryCompileExec2083852223.dir/build
make[1]: entrant dans le répertoire « /home/florent/Documents/DGtal/VCM/CMakeFiles/CMakeTmp »
/usr/bin/cmake -E cmake_progress_report /home/florent/Documents/DGtal/VCM/CMakeFiles/CMakeTmp/CMakeFiles 1
Building CXX object CMakeFiles/cmTryCompileExec2083852223.dir/CheckSymbolExists.cxx.o
/usr/bin/c++    -I/usr/include/qt4    -o CMakeFiles/cmTryCompileExec2083852223.dir/CheckSymbolExists.cxx.o -c /home/florent/Documents/DGtal/VCM/CMakeFiles/CMakeTmp/CheckSymbolExists.cxx
/home/florent/Documents/DGtal/VCM/CMakeFiles/CMakeTmp/CheckSymbolExists.cxx: In function ‘int main(int, char**)’:
/home/florent/Documents/DGtal/VCM/CMakeFiles/CMakeTmp/CheckSymbolExists.cxx:8:19: error: ‘Q_WS_WIN’ was not declared in this scope
   return ((int*)(&Q_WS_WIN))[argc];
                   ^
make[1]: *** [CMakeFiles/cmTryCompileExec2083852223.dir/CheckSymbolExists.cxx.o] Erreur 1
make[1]: quittant le répertoire « /home/florent/Documents/DGtal/VCM/CMakeFiles/CMakeTmp »
make: *** [cmTryCompileExec2083852223/fast] Erreur 2

File /home/florent/Documents/DGtal/VCM/CMakeFiles/CMakeTmp/CheckSymbolExists.cxx:
/* */
#include <QtCore/qglobal.h>

int main(int argc, char** argv)
{
  (void)argv;
#ifndef Q_WS_WIN
  return ((int*)(&Q_WS_WIN))[argc];
#else
  (void)argc;
  return 0;
#endif
}

Determining if the Q_WS_QWS exist failed with the following output:
Change Dir: /home/florent/Documents/DGtal/VCM/CMakeFiles/CMakeTmp

Run Build Command:/usr/bin/make "cmTryCompileExec3672388811/fast"
/usr/bin/make -f CMakeFiles/cmTryCompileExec3672388811.dir/build.make CMakeFiles/cmTryCompileExec3672388811.dir/build
make[1]: entrant dans le répertoire « /home/florent/Documents/DGtal/VCM/CMakeFiles/CMakeTmp »
/usr/bin/cmake -E cmake_progress_report /home/florent/Documents/DGtal/VCM/CMakeFiles/CMakeTmp/CMakeFiles 1
Building CXX object CMakeFiles/cmTryCompileExec3672388811.dir/CheckSymbolExists.cxx.o
/usr/bin/c++    -I/usr/include/qt4    -o CMakeFiles/cmTryCompileExec3672388811.dir/CheckSymbolExists.cxx.o -c /home/florent/Documents/DGtal/VCM/CMakeFiles/CMakeTmp/CheckSymbolExists.cxx
/home/florent/Documents/DGtal/VCM/CMakeFiles/CMakeTmp/CheckSymbolExists.cxx: In function ‘int main(int, char**)’:
/home/florent/Documents/DGtal/VCM/CMakeFiles/CMakeTmp/CheckSymbolExists.cxx:8:19: error: ‘Q_WS_QWS’ was not declared in this scope
   return ((int*)(&Q_WS_QWS))[argc];
                   ^
make[1]: *** [CMakeFiles/cmTryCompileExec3672388811.dir/CheckSymbolExists.cxx.o] Erreur 1
make[1]: quittant le répertoire « /home/florent/Documents/DGtal/VCM/CMakeFiles/CMakeTmp »
make: *** [cmTryCompileExec3672388811/fast] Erreur 2

File /home/florent/Documents/DGtal/VCM/CMakeFiles/CMakeTmp/CheckSymbolExists.cxx:
/* */
#include <QtCore/qglobal.h>

int main(int argc, char** argv)
{
  (void)argv;
#ifndef Q_WS_QWS
  return ((int*)(&Q_WS_QWS))[argc];
#else
  (void)argc;
  return 0;
#endif
}

Determining if the Q_WS_MAC exist failed with the following output:
Change Dir: /home/florent/Documents/DGtal/VCM/CMakeFiles/CMakeTmp

Run Build Command:/usr/bin/make "cmTryCompileExec2456381884/fast"
/usr/bin/make -f CMakeFiles/cmTryCompileExec2456381884.dir/build.make CMakeFiles/cmTryCompileExec2456381884.dir/build
make[1]: entrant dans le répertoire « /home/florent/Documents/DGtal/VCM/CMakeFiles/CMakeTmp »
/usr/bin/cmake -E cmake_progress_report /home/florent/Documents/DGtal/VCM/CMakeFiles/CMakeTmp/CMakeFiles 1
Building CXX object CMakeFiles/cmTryCompileExec2456381884.dir/CheckSymbolExists.cxx.o
/usr/bin/c++    -I/usr/include/qt4    -o CMakeFiles/cmTryCompileExec2456381884.dir/CheckSymbolExists.cxx.o -c /home/florent/Documents/DGtal/VCM/CMakeFiles/CMakeTmp/CheckSymbolExists.cxx
/home/florent/Documents/DGtal/VCM/CMakeFiles/CMakeTmp/CheckSymbolExists.cxx: In function ‘int main(int, char**)’:
/home/florent/Documents/DGtal/VCM/CMakeFiles/CMakeTmp/CheckSymbolExists.cxx:8:19: error: ‘Q_WS_MAC’ was not declared in this scope
   return ((int*)(&Q_WS_MAC))[argc];
                   ^
make[1]: *** [CMakeFiles/cmTryCompileExec2456381884.dir/CheckSymbolExists.cxx.o] Erreur 1
make[1]: quittant le répertoire « /home/florent/Documents/DGtal/VCM/CMakeFiles/CMakeTmp »
make: *** [cmTryCompileExec2456381884/fast] Erreur 2

File /home/florent/Documents/DGtal/VCM/CMakeFiles/CMakeTmp/CheckSymbolExists.cxx:
/* */
#include <QtCore/qglobal.h>

int main(int argc, char** argv)
{
  (void)argv;
#ifndef Q_WS_MAC
  return ((int*)(&Q_WS_MAC))[argc];
#else
  (void)argc;
  return 0;
#endif
}

