Determining if the Q_WS_WIN exist failed with the following output:
Change Dir: /home/florent/Documents/DGtal/NormalVector/CMakeFiles/CMakeTmp

Run Build Command:/usr/bin/make "cmTryCompileExec3069342556/fast"
/usr/bin/make -f CMakeFiles/cmTryCompileExec3069342556.dir/build.make CMakeFiles/cmTryCompileExec3069342556.dir/build
make[1]: entrant dans le répertoire « /home/florent/Documents/DGtal/NormalVector/CMakeFiles/CMakeTmp »
/usr/bin/cmake -E cmake_progress_report /home/florent/Documents/DGtal/NormalVector/CMakeFiles/CMakeTmp/CMakeFiles 1
Building CXX object CMakeFiles/cmTryCompileExec3069342556.dir/CheckSymbolExists.cxx.o
/usr/bin/c++    -I/usr/include/qt4    -o CMakeFiles/cmTryCompileExec3069342556.dir/CheckSymbolExists.cxx.o -c /home/florent/Documents/DGtal/NormalVector/CMakeFiles/CMakeTmp/CheckSymbolExists.cxx
/home/florent/Documents/DGtal/NormalVector/CMakeFiles/CMakeTmp/CheckSymbolExists.cxx: In function ‘int main(int, char**)’:
/home/florent/Documents/DGtal/NormalVector/CMakeFiles/CMakeTmp/CheckSymbolExists.cxx:8:19: error: ‘Q_WS_WIN’ was not declared in this scope
   return ((int*)(&Q_WS_WIN))[argc];
                   ^
make[1]: *** [CMakeFiles/cmTryCompileExec3069342556.dir/CheckSymbolExists.cxx.o] Erreur 1
make[1]: quittant le répertoire « /home/florent/Documents/DGtal/NormalVector/CMakeFiles/CMakeTmp »
make: *** [cmTryCompileExec3069342556/fast] Erreur 2

File /home/florent/Documents/DGtal/NormalVector/CMakeFiles/CMakeTmp/CheckSymbolExists.cxx:
/* */
#include <QtCore/qglobal.h>

int main(int argc, char** argv)
{
  (void)argv;
#ifndef Q_WS_WIN
  return ((int*)(&Q_WS_WIN))[argc];
#else
  (void)argc;
  return 0;
#endif
}

Determining if the Q_WS_QWS exist failed with the following output:
Change Dir: /home/florent/Documents/DGtal/NormalVector/CMakeFiles/CMakeTmp

Run Build Command:/usr/bin/make "cmTryCompileExec1968148548/fast"
/usr/bin/make -f CMakeFiles/cmTryCompileExec1968148548.dir/build.make CMakeFiles/cmTryCompileExec1968148548.dir/build
make[1]: entrant dans le répertoire « /home/florent/Documents/DGtal/NormalVector/CMakeFiles/CMakeTmp »
/usr/bin/cmake -E cmake_progress_report /home/florent/Documents/DGtal/NormalVector/CMakeFiles/CMakeTmp/CMakeFiles 1
Building CXX object CMakeFiles/cmTryCompileExec1968148548.dir/CheckSymbolExists.cxx.o
/usr/bin/c++    -I/usr/include/qt4    -o CMakeFiles/cmTryCompileExec1968148548.dir/CheckSymbolExists.cxx.o -c /home/florent/Documents/DGtal/NormalVector/CMakeFiles/CMakeTmp/CheckSymbolExists.cxx
/home/florent/Documents/DGtal/NormalVector/CMakeFiles/CMakeTmp/CheckSymbolExists.cxx: In function ‘int main(int, char**)’:
/home/florent/Documents/DGtal/NormalVector/CMakeFiles/CMakeTmp/CheckSymbolExists.cxx:8:19: error: ‘Q_WS_QWS’ was not declared in this scope
   return ((int*)(&Q_WS_QWS))[argc];
                   ^
make[1]: *** [CMakeFiles/cmTryCompileExec1968148548.dir/CheckSymbolExists.cxx.o] Erreur 1
make[1]: quittant le répertoire « /home/florent/Documents/DGtal/NormalVector/CMakeFiles/CMakeTmp »
make: *** [cmTryCompileExec1968148548/fast] Erreur 2

File /home/florent/Documents/DGtal/NormalVector/CMakeFiles/CMakeTmp/CheckSymbolExists.cxx:
/* */
#include <QtCore/qglobal.h>

int main(int argc, char** argv)
{
  (void)argv;
#ifndef Q_WS_QWS
  return ((int*)(&Q_WS_QWS))[argc];
#else
  (void)argc;
  return 0;
#endif
}

Determining if the Q_WS_MAC exist failed with the following output:
Change Dir: /home/florent/Documents/DGtal/NormalVector/CMakeFiles/CMakeTmp

Run Build Command:/usr/bin/make "cmTryCompileExec1586777343/fast"
/usr/bin/make -f CMakeFiles/cmTryCompileExec1586777343.dir/build.make CMakeFiles/cmTryCompileExec1586777343.dir/build
make[1]: entrant dans le répertoire « /home/florent/Documents/DGtal/NormalVector/CMakeFiles/CMakeTmp »
/usr/bin/cmake -E cmake_progress_report /home/florent/Documents/DGtal/NormalVector/CMakeFiles/CMakeTmp/CMakeFiles 1
Building CXX object CMakeFiles/cmTryCompileExec1586777343.dir/CheckSymbolExists.cxx.o
/usr/bin/c++    -I/usr/include/qt4    -o CMakeFiles/cmTryCompileExec1586777343.dir/CheckSymbolExists.cxx.o -c /home/florent/Documents/DGtal/NormalVector/CMakeFiles/CMakeTmp/CheckSymbolExists.cxx
/home/florent/Documents/DGtal/NormalVector/CMakeFiles/CMakeTmp/CheckSymbolExists.cxx: In function ‘int main(int, char**)’:
/home/florent/Documents/DGtal/NormalVector/CMakeFiles/CMakeTmp/CheckSymbolExists.cxx:8:19: error: ‘Q_WS_MAC’ was not declared in this scope
   return ((int*)(&Q_WS_MAC))[argc];
                   ^
make[1]: *** [CMakeFiles/cmTryCompileExec1586777343.dir/CheckSymbolExists.cxx.o] Erreur 1
make[1]: quittant le répertoire « /home/florent/Documents/DGtal/NormalVector/CMakeFiles/CMakeTmp »
make: *** [cmTryCompileExec1586777343/fast] Erreur 2

File /home/florent/Documents/DGtal/NormalVector/CMakeFiles/CMakeTmp/CheckSymbolExists.cxx:
/* */
#include <QtCore/qglobal.h>

int main(int argc, char** argv)
{
  (void)argv;
#ifndef Q_WS_MAC
  return ((int*)(&Q_WS_MAC))[argc];
#else
  (void)argc;
  return 0;
#endif
}

