Determining if the Q_WS_WIN exist failed with the following output:
Change Dir: /home/florent/Documents/DGtal/CreateCurve/CMakeFiles/CMakeTmp

Run Build Command:/usr/bin/make "cmTryCompileExec507332418/fast"
/usr/bin/make -f CMakeFiles/cmTryCompileExec507332418.dir/build.make CMakeFiles/cmTryCompileExec507332418.dir/build
make[1]: entrant dans le répertoire « /home/florent/Documents/DGtal/CreateCurve/CMakeFiles/CMakeTmp »
/usr/bin/cmake -E cmake_progress_report /home/florent/Documents/DGtal/CreateCurve/CMakeFiles/CMakeTmp/CMakeFiles 1
Building CXX object CMakeFiles/cmTryCompileExec507332418.dir/CheckSymbolExists.cxx.o
/usr/bin/c++    -I/usr/include/qt4    -o CMakeFiles/cmTryCompileExec507332418.dir/CheckSymbolExists.cxx.o -c /home/florent/Documents/DGtal/CreateCurve/CMakeFiles/CMakeTmp/CheckSymbolExists.cxx
/home/florent/Documents/DGtal/CreateCurve/CMakeFiles/CMakeTmp/CheckSymbolExists.cxx: In function ‘int main(int, char**)’:
/home/florent/Documents/DGtal/CreateCurve/CMakeFiles/CMakeTmp/CheckSymbolExists.cxx:8:19: error: ‘Q_WS_WIN’ was not declared in this scope
   return ((int*)(&Q_WS_WIN))[argc];
                   ^
make[1]: *** [CMakeFiles/cmTryCompileExec507332418.dir/CheckSymbolExists.cxx.o] Erreur 1
make[1]: quittant le répertoire « /home/florent/Documents/DGtal/CreateCurve/CMakeFiles/CMakeTmp »
make: *** [cmTryCompileExec507332418/fast] Erreur 2

File /home/florent/Documents/DGtal/CreateCurve/CMakeFiles/CMakeTmp/CheckSymbolExists.cxx:
/* */
#include <QtCore/qglobal.h>

int main(int argc, char** argv)
{
  (void)argv;
#ifndef Q_WS_WIN
  return ((int*)(&Q_WS_WIN))[argc];
#else
  (void)argc;
  return 0;
#endif
}

Determining if the Q_WS_QWS exist failed with the following output:
Change Dir: /home/florent/Documents/DGtal/CreateCurve/CMakeFiles/CMakeTmp

Run Build Command:/usr/bin/make "cmTryCompileExec4189756995/fast"
/usr/bin/make -f CMakeFiles/cmTryCompileExec4189756995.dir/build.make CMakeFiles/cmTryCompileExec4189756995.dir/build
make[1]: entrant dans le répertoire « /home/florent/Documents/DGtal/CreateCurve/CMakeFiles/CMakeTmp »
/usr/bin/cmake -E cmake_progress_report /home/florent/Documents/DGtal/CreateCurve/CMakeFiles/CMakeTmp/CMakeFiles 1
Building CXX object CMakeFiles/cmTryCompileExec4189756995.dir/CheckSymbolExists.cxx.o
/usr/bin/c++    -I/usr/include/qt4    -o CMakeFiles/cmTryCompileExec4189756995.dir/CheckSymbolExists.cxx.o -c /home/florent/Documents/DGtal/CreateCurve/CMakeFiles/CMakeTmp/CheckSymbolExists.cxx
/home/florent/Documents/DGtal/CreateCurve/CMakeFiles/CMakeTmp/CheckSymbolExists.cxx: In function ‘int main(int, char**)’:
/home/florent/Documents/DGtal/CreateCurve/CMakeFiles/CMakeTmp/CheckSymbolExists.cxx:8:19: error: ‘Q_WS_QWS’ was not declared in this scope
   return ((int*)(&Q_WS_QWS))[argc];
                   ^
make[1]: *** [CMakeFiles/cmTryCompileExec4189756995.dir/CheckSymbolExists.cxx.o] Erreur 1
make[1]: quittant le répertoire « /home/florent/Documents/DGtal/CreateCurve/CMakeFiles/CMakeTmp »
make: *** [cmTryCompileExec4189756995/fast] Erreur 2

File /home/florent/Documents/DGtal/CreateCurve/CMakeFiles/CMakeTmp/CheckSymbolExists.cxx:
/* */
#include <QtCore/qglobal.h>

int main(int argc, char** argv)
{
  (void)argv;
#ifndef Q_WS_QWS
  return ((int*)(&Q_WS_QWS))[argc];
#else
  (void)argc;
  return 0;
#endif
}

Determining if the Q_WS_MAC exist failed with the following output:
Change Dir: /home/florent/Documents/DGtal/CreateCurve/CMakeFiles/CMakeTmp

Run Build Command:/usr/bin/make "cmTryCompileExec519074745/fast"
/usr/bin/make -f CMakeFiles/cmTryCompileExec519074745.dir/build.make CMakeFiles/cmTryCompileExec519074745.dir/build
make[1]: entrant dans le répertoire « /home/florent/Documents/DGtal/CreateCurve/CMakeFiles/CMakeTmp »
/usr/bin/cmake -E cmake_progress_report /home/florent/Documents/DGtal/CreateCurve/CMakeFiles/CMakeTmp/CMakeFiles 1
Building CXX object CMakeFiles/cmTryCompileExec519074745.dir/CheckSymbolExists.cxx.o
/usr/bin/c++    -I/usr/include/qt4    -o CMakeFiles/cmTryCompileExec519074745.dir/CheckSymbolExists.cxx.o -c /home/florent/Documents/DGtal/CreateCurve/CMakeFiles/CMakeTmp/CheckSymbolExists.cxx
/home/florent/Documents/DGtal/CreateCurve/CMakeFiles/CMakeTmp/CheckSymbolExists.cxx: In function ‘int main(int, char**)’:
/home/florent/Documents/DGtal/CreateCurve/CMakeFiles/CMakeTmp/CheckSymbolExists.cxx:8:19: error: ‘Q_WS_MAC’ was not declared in this scope
   return ((int*)(&Q_WS_MAC))[argc];
                   ^
make[1]: *** [CMakeFiles/cmTryCompileExec519074745.dir/CheckSymbolExists.cxx.o] Erreur 1
make[1]: quittant le répertoire « /home/florent/Documents/DGtal/CreateCurve/CMakeFiles/CMakeTmp »
make: *** [cmTryCompileExec519074745/fast] Erreur 2

File /home/florent/Documents/DGtal/CreateCurve/CMakeFiles/CMakeTmp/CheckSymbolExists.cxx:
/* */
#include <QtCore/qglobal.h>

int main(int argc, char** argv)
{
  (void)argv;
#ifndef Q_WS_MAC
  return ((int*)(&Q_WS_MAC))[argc];
#else
  (void)argc;
  return 0;
#endif
}

